[wpriverthemes.com/drake/index.html]
[backblue.gif]
[fade.gif]
[index.html]
[wpriverthemes.com/drake/wp-content/themes/drake/assets/images/favicon.png]
[wpriverthemes.com/drake/wp-includes/css/dist/block-library/style.minae48.css]
[fonts.googleapis.com/index.html]
[wpriverthemes.com/drake/comments/feed/index.html]
[wpriverthemes.com/drake/feed/index.html]
[wpriverthemes.com/drake/wp-content/plugins/contact-form-7/includes/css/styles3960.css]
[wpriverthemes.com/drake/wp-content/plugins/redux-framework/redux-core/assets/css/extendify-utilities474a.css]
[maxst.icons8.com/vue-static/landings/line-awesome/line-awesome/1.3.0/css/line-awesome.minae48.css]
[wpriverthemes.com/drake/wp-content/themes/drake/assets/css/bootstrap.minae48.css]
[wpriverthemes.com/drake/wp-content/themes/drake/assets/css/owl.carousel.minae48.css]
[wpriverthemes.com/drake/wp-content/themes/drake/assets/css/owl.theme.default.minae48.css]
[wpriverthemes.com/drake/wp-content/themes/drake/assets/css/animate.minae48.css]
[wpriverthemes.com/drake/wp-content/themes/drake/assets/css/smooth-scrollbarae48.css]
[wpriverthemes.com/drake/wp-content/themes/drake/assets/css/lightbox.minae48.css]
[wpriverthemes.com/drake/wp-content/themes/drake/assets/css/styleae48.css]
[wpriverthemes.com/drake/wp-content/themes/drake/assets/css/unit-testae48.css]
[wpriverthemes.com/drake/wp-content/themes/drake/assets/css/responsiveae48.css]
[wpriverthemes.com/drake/wp-content/plugins/elementor/assets/lib/eicons/css/elementor-icons.min3b94.css]
[wpriverthemes.com/drake/wp-content/plugins/elementor/assets/css/frontend-lite.minfb6f.css]
[wpriverthemes.com/drake/wp-content/plugins/elementor/assets/lib/swiper/v8/css/swiper.min94a4.css]
[wpriverthemes.com/drake/wp-content/uploads/elementor/css/post-10bb20.css]
[wpriverthemes.com/drake/wp-content/uploads/elementor/css/global8f19.css]
[wpriverthemes.com/drake/wp-includes/js/jquery/jquery.mina767.js]
[wpriverthemes.com/drake/wp-includes/js/jquery/jquery-migrate.min6b00.js]
[wpriverthemes.com/drake/wp-json/wp/v2/pages/8.json]
[wpriverthemes.com/drake/xmlrpc0db0.php]
[wpriverthemes.com/drake/wp-json/index.html]
[wpriverthemes.com/drake/wp-includes/wlwmanifest.xml]
[wpriverthemes.com/drake/wp-json/oembed/1.0/embeda441.json]
[wpriverthemes.com/drake/wp-json/oembed/1.0/embed828c]
[wpriverthemes.com/drake/wp-content/themes/drake/assets/images/logo.png]
[wpriverthemes.com/drake/earth-lines-sphere/index.html]
[wpriverthemes.com/drake/wp-content/themes/drake/assets/images/me.jpg]
[wpriverthemes.com/drake/3d-abstract-ball/index.html]
[wpriverthemes.com/drake/liquids-wavy/index.html]
[wpriverthemes.com/drake/water-waves/index.html]
[wpriverthemes.com/drake/simple-strings/index.html]
[wpriverthemes.com/drake/wp-content/uploads/2023/03/round-text.png]
[wpriverthemes.com/drake/wp-content/uploads/2023/03/figma.png]
[wpriverthemes.com/drake/wp-content/uploads/2023/03/framer.png]
[wpriverthemes.com/drake/wp-content/uploads/2023/03/webflow.png]
[wpriverthemes.com/drake/wp-content/uploads/2023/03/react.png]
[wpriverthemes.com/drake/wp-content/uploads/2023/03/wordpress.png]
[wpriverthemes.com/drake/wp-content/uploads/2023/03/laravel.png]
[wpriverthemes.com/drake/wp-content/uploads/2023/03/portfolio1.jpg]
[wpriverthemes.com/drake/wp-content/uploads/2023/03/portfolio2.jpg]
[wpriverthemes.com/drake/wp-content/uploads/2023/03/portfolio3.jpg]
[wpriverthemes.com/drake/wp-content/uploads/2023/03/portfolio4.jpg]
[wpriverthemes.com/drake/wp-content/uploads/2023/03/portfolio5.jpg]
[wpriverthemes.com/drake/wp-content/uploads/2023/03/testimonial-1.jpg]
[wpriverthemes.com/drake/wp-content/uploads/2023/03/testimonial-2.jpg]
[wpriverthemes.com/drake/wp-content/uploads/2023/03/testimonial-3.jpg]
[wpriverthemes.com/drake/wp-content/uploads/2023/03/client-1.png]
[wpriverthemes.com/drake/wp-content/uploads/2023/03/client-2.png]
[wpriverthemes.com/drake/wp-content/uploads/2023/03/client-3.png]
[wpriverthemes.com/drake/wp-content/uploads/2023/03/client-4.png]
[wpriverthemes.com/drake/wp-content/uploads/2023/03/client-5.png]
[wpriverthemes.com/drake/wp-content/uploads/2023/03/client-6.png]
[wpriverthemes.com/drake/wp-content/uploads/2023/03/client-7.png]
[wpriverthemes.com/drake/wp-content/uploads/2023/03/client-8.png]
[wpriverthemes.com/drake/wp-content/plugins/contact-form-7/includes/swv/js/index3960.js]
[wpriverthemes.com/drake/wp-content/plugins/contact-form-7/includes/js/index3960.js]
[wpriverthemes.com/drake/wp-content/themes/drake/assets/js/jqueryae48.js]
[wpriverthemes.com/drake/wp-content/themes/drake/assets/js/bootstrap.bundle.minae48.js]
[wpriverthemes.com/drake/wp-content/themes/drake/assets/js/owl.carouselae48.js]
[wpriverthemes.com/drake/wp-content/themes/drake/assets/js/gsap.minae48.js]
[wpriverthemes.com/drake/wp-content/themes/drake/assets/js/ScrollTrigger.minae48.js]
[wpriverthemes.com/drake/wp-content/themes/drake/assets/js/ScrollToPlugin.minae48.js]
[wpriverthemes.com/drake/wp-content/themes/drake/assets/js/lightbox.minae48.js]
[wpriverthemes.com/drake/wp-content/themes/drake/assets/js/mainae48.js]
[wpriverthemes.com/drake/wp-content/themes/drake/assets/js/ajax-formae48.js]
[wpriverthemes.com/drake/wp-content/themes/drake/assets/js/colorae48.js]
[wpriverthemes.com/drake/wp-content/plugins/elementor/assets/js/webpack.runtime.minfb6f.js]
[wpriverthemes.com/drake/wp-content/plugins/elementor/assets/js/frontend-modules.minfb6f.js]
[wpriverthemes.com/drake/wp-content/plugins/elementor/assets/lib/waypoints/waypoints.min05da.js]
[wpriverthemes.com/drake/wp-includes/js/jquery/ui/core.min3f14.js]
[wpriverthemes.com/drake/wp-content/plugins/elementor/assets/js/frontend.minfb6f.js]
[wpriverthemes.com/drake/index.html]
[maxst.icons8.com/index.html]
[fonts.googleapis.com/index.html]
[wpriverthemes.com/drake/wp-includes/css/dist/block-library/style.minae48.css]
[wpriverthemes.com/drake/wp-includes/css/classic-themes.minae48.css]
[wpriverthemes.com/drake/wp-content/plugins/contact-form-7/includes/css/styles3960.css]
[wpriverthemes.com/drake/wp-content/plugins/redux-framework/redux-core/assets/css/extendify-utilities474a.css]
[maxst.icons8.com/vue-static/landings/line-awesome/line-awesome/1.3.0/fonts/la-brands-400.eot]
[maxst.icons8.com/vue-static/landings/line-awesome/line-awesome/1.3.0/fonts/la-brands-400.woff2]
[maxst.icons8.com/vue-static/landings/line-awesome/line-awesome/1.3.0/fonts/la-brands-400d41d.eot]
[maxst.icons8.com/vue-static/landings/line-awesome/line-awesome/1.3.0/fonts/la-brands-400.woff]
[maxst.icons8.com/vue-static/landings/line-awesome/line-awesome/1.3.0/fonts/la-brands-400.ttf]
[maxst.icons8.com/vue-static/landings/line-awesome/line-awesome/1.3.0/fonts/la-regular-400.eot]
[maxst.icons8.com/vue-static/landings/line-awesome/line-awesome/1.3.0/fonts/la-brands-400.svg]
[maxst.icons8.com/vue-static/landings/line-awesome/line-awesome/1.3.0/fonts/la-regular-400d41d.eot]
[maxst.icons8.com/vue-static/landings/line-awesome/line-awesome/1.3.0/fonts/la-regular-400.woff2]
[maxst.icons8.com/vue-static/landings/line-awesome/line-awesome/1.3.0/fonts/la-regular-400.woff]
[maxst.icons8.com/vue-static/landings/line-awesome/line-awesome/1.3.0/fonts/la-regular-400.ttf]
[maxst.icons8.com/vue-static/landings/line-awesome/line-awesome/1.3.0/fonts/la-regular-400.svg]
[maxst.icons8.com/vue-static/landings/line-awesome/line-awesome/1.3.0/fonts/la-solid-900.eot]
[maxst.icons8.com/vue-static/landings/line-awesome/line-awesome/1.3.0/fonts/la-solid-900d41d.eot]
[maxst.icons8.com/vue-static/landings/line-awesome/line-awesome/1.3.0/fonts/la-solid-900.woff2]
[maxst.icons8.com/vue-static/landings/line-awesome/line-awesome/1.3.0/fonts/la-solid-900.woff]
[maxst.icons8.com/vue-static/landings/line-awesome/line-awesome/1.3.0/fonts/la-solid-900.ttf]
[maxst.icons8.com/vue-static/landings/line-awesome/line-awesome/1.3.0/css/line-awesome.minae48.css]
[wpriverthemes.com/drake/wp-content/themes/drake/assets/css/bootstrap.minae48.css]
[maxst.icons8.com/vue-static/landings/line-awesome/line-awesome/1.3.0/fonts/la-solid-900.svg]
[wpriverthemes.com/drake/wp-content/themes/drake/assets/css/owl.video.play.59.delayed]
[wpriverthemes.com/drake/wp-content/themes/drake/assets/css/owl.carousel.minae48.css]
[wpriverthemes.com/drake/wp-content/themes/drake/assets/css/owl.theme.default.minae48.css]
[wpriverthemes.com/drake/wp-content/themes/drake/assets/css/animate.minae48.css]
[wpriverthemes.com/drake/wp-content/themes/drake/assets/css/smooth-scrollbarae48.css]
[wpriverthemes.com/drake/wp-content/themes/drake/assets/images/loading.gif]
[wpriverthemes.com/drake/wp-content/themes/drake/assets/css/lightbox.minae48.css]
[wpriverthemes.com/drake/wp-content/themes/drake/assets/images/bg-shape.png]
[wpriverthemes.com/drake/wp-content/themes/drake/assets/css/styleae48.css]
[wpriverthemes.com/drake/wp-content/themes/drake/assets/css/unit-testae48.css]
[wpriverthemes.com/drake/wp-content/themes/drake/assets/css/responsiveae48.css]
[fonts.gstatic.com/s/inter/v12/UcCO3FwrK3iLTeHuS_fvQtMwCp50KnMw2boKoduKmMEVuLyeAZ9hjQ.ttf]
[fonts.gstatic.com/s/inter/v12/UcCO3FwrK3iLTeHuS_fvQtMwCp50KnMw2boKoduKmMEVuDyfAZ9hjQ.ttf]
[fonts.gstatic.com/s/inter/v12/UcCO3FwrK3iLTeHuS_fvQtMwCp50KnMw2boKoduKmMEVuOKfAZ9hjQ.ttf]
[fonts.gstatic.com/s/inter/v12/UcCO3FwrK3iLTeHuS_fvQtMwCp50KnMw2boKoduKmMEVuLyfAZ9hjQ.ttf]
[fonts.gstatic.com/s/inter/v12/UcCO3FwrK3iLTeHuS_fvQtMwCp50KnMw2boKoduKmMEVuI6fAZ9hjQ.ttf]
[fonts.gstatic.com/s/inter/v12/UcCO3FwrK3iLTeHuS_fvQtMwCp50KnMw2boKoduKmMEVuGKYAZ9hjQ.ttf]
[fonts.gstatic.com/s/inter/v12/UcCO3FwrK3iLTeHuS_fvQtMwCp50KnMw2boKoduKmMEVuFuYAZ9hjQ.ttf]
[fonts.gstatic.com/s/inter/v12/UcCO3FwrK3iLTeHuS_fvQtMwCp50KnMw2boKoduKmMEVuDyYAZ9hjQ.ttf]
[fonts.googleapis.com/css1792.css]
[fonts.gstatic.com/s/inter/v12/UcCO3FwrK3iLTeHuS_fvQtMwCp50KnMw2boKoduKmMEVuBWYAZ9hjQ.ttf]
[wpriverthemes.com/drake/wp-content/plugins/elementor/assets/lib/eicons/fonts/eiconsd6bb.eot]
[wpriverthemes.com/drake/wp-content/plugins/elementor/assets/lib/eicons/fonts/eiconsd6bb.woff2]
[wpriverthemes.com/drake/wp-content/plugins/elementor/assets/lib/eicons/fonts/eiconsd6bb.woff]
[wpriverthemes.com/drake/wp-content/plugins/elementor/assets/lib/eicons/css/elementor-icons.min3b94.css]
[wpriverthemes.com/drake/wp-content/plugins/elementor/assets/css/frontend-lite.minfb6f.css]
[wpriverthemes.com/drake/wp-content/plugins/elementor/assets/lib/swiper/v8/css/swiper.min94a4.css]
[wpriverthemes.com/drake/wp-content/uploads/elementor/css/post-10bb20.css]
[wpriverthemes.com/drake/wp-content/uploads/elementor/css/global8f19.css]
[wpriverthemes.com/drake/wp-content/plugins/elementor/assets/lib/eicons/fonts/eiconsd6bb.svg]
[wpriverthemes.com/drake/wp-content/plugins/elementor/assets/lib/eicons/fonts/eiconsd6bb.ttf]
[fonts.gstatic.com/s/roboto/v30/KFOiCnqEu92Fr1Mu51QrEzAdKg.ttf]
[fonts.gstatic.com/s/roboto/v30/KFOjCnqEu92Fr1Mu51TjASc6CsE.ttf]
[fonts.gstatic.com/s/roboto/v30/KFOkCnqEu92Fr1Mu51xIIzc.ttf]
[fonts.gstatic.com/s/roboto/v30/KFOjCnqEu92Fr1Mu51S7ACc6CsE.ttf]
[fonts.gstatic.com/s/roboto/v30/KFOjCnqEu92Fr1Mu51TzBic6CsE.ttf]
[fonts.gstatic.com/s/roboto/v30/KFOjCnqEu92Fr1Mu51TLBCc6CsE.ttf]
[fonts.gstatic.com/s/roboto/v30/KFOkCnqEu92Fr1MmgVxIIzc.ttf]
[fonts.gstatic.com/s/roboto/v30/KFOlCnqEu92Fr1MmSU5fBBc9.ttf]
[fonts.gstatic.com/s/roboto/v30/KFOmCnqEu92Fr1Mu4mxP.ttf]
[fonts.gstatic.com/s/roboto/v30/KFOlCnqEu92Fr1MmEU9fBBc9.ttf]
[fonts.gstatic.com/s/roboto/v30/KFOlCnqEu92Fr1MmWUlfBBc9.ttf]
[fonts.gstatic.com/s/roboto/v30/KFOlCnqEu92Fr1MmYUtfBBc9.ttf]
[fonts.gstatic.com/s/robotoslab/v24/BngbUXZYTXPIvIBgJJSb6s3BzlRRfKOFbvjojIWmb2Rm.ttf]
[fonts.gstatic.com/s/robotoslab/v24/BngbUXZYTXPIvIBgJJSb6s3BzlRRfKOFbvjoDISmb2Rm.ttf]
[fonts.gstatic.com/s/robotoslab/v24/BngbUXZYTXPIvIBgJJSb6s3BzlRRfKOFbvjo0oSmb2Rm.ttf]
[fonts.gstatic.com/s/robotoslab/v24/BngbUXZYTXPIvIBgJJSb6s3BzlRRfKOFbvjojISmb2Rm.ttf]
[fonts.gstatic.com/s/robotoslab/v24/BngbUXZYTXPIvIBgJJSb6s3BzlRRfKOFbvjovoSmb2Rm.ttf]
[fonts.gstatic.com/s/robotoslab/v24/BngbUXZYTXPIvIBgJJSb6s3BzlRRfKOFbvjoUoOmb2Rm.ttf]
[fonts.gstatic.com/s/robotoslab/v24/BngbUXZYTXPIvIBgJJSb6s3BzlRRfKOFbvjoa4Omb2Rm.ttf]
[fonts.gstatic.com/s/robotoslab/v24/BngbUXZYTXPIvIBgJJSb6s3BzlRRfKOFbvjoDIOmb2Rm.ttf]
[fonts.googleapis.com/cssd847.css]
[fonts.gstatic.com/s/robotoslab/v24/BngbUXZYTXPIvIBgJJSb6s3BzlRRfKOFbvjoJYOmb2Rm.ttf]
[fonts.gstatic.com/index.html]
[wpriverthemes.com/drake/wp-includes/js/jquery/jquery.mina767.js]
[wpriverthemes.com/drake/wp-includes/js/jquery/jquery-migrate.min6b00.js]
[wpriverthemes.com/drake/wp-json/wp/v2/pages/199.json]
[wpriverthemes.com/drake/wp-json/oembed/1.0/embed3876.json]
[wpriverthemes.com/drake/wp-json/oembed/1.0/embed6f6a]
[wpriverthemes.com/drake/wp-content/themes/drake/assets/images/video1.mp4]
[wpriverthemes.com/drake/earth-lines-sphere/index.html]
[wpriverthemes.com/drake/wp-json/wp/v2/pages/201.json]
[wpriverthemes.com/drake/wp-json/oembed/1.0/embedfe2f.json]
[wpriverthemes.com/drake/wp-json/oembed/1.0/embedd004]
[wpriverthemes.com/drake/wp-content/themes/drake/assets/images/video2.mp4]
[wpriverthemes.com/drake/3d-abstract-ball/index.html]
[wpriverthemes.com/drake/wp-json/wp/v2/pages/203.json]
[wpriverthemes.com/drake/wp-json/oembed/1.0/embed0691.json]
[wpriverthemes.com/drake/wp-json/oembed/1.0/embed6399]
[wpriverthemes.com/drake/water-waves/index.html]
[wpriverthemes.com/drake/wp-content/themes/drake/assets/images/video3.mp4]
[wpriverthemes.com/drake/wp-json/wp/v2/pages/205.json]
[wpriverthemes.com/drake/wp-json/oembed/1.0/embed887e.json]
[wpriverthemes.com/drake/wp-json/oembed/1.0/embeda90d]
[wpriverthemes.com/drake/liquids-wavy/index.html]
[wpriverthemes.com/drake/wp-content/themes/drake/assets/images/video4.mp4]
[wpriverthemes.com/drake/wp-json/wp/v2/pages/207.json]
[wpriverthemes.com/drake/wp-json/oembed/1.0/embed8b12.json]
[wpriverthemes.com/drake/wp-json/oembed/1.0/embed2b0e]
[wpriverthemes.com/drake/simple-strings/index.html]
[wpriverthemes.com/drake/wp-content/themes/drake/assets/images/video5.mp4]
[wpriverthemes.com/drake/t]
[wpriverthemes.com/drake/wp-content/plugins/contact-form-7/includes/swv/js/index3960.js]
[wpriverthemes.com/drake/wp-content/plugins/contact-form-7/includes/js/index3960.js]
[wpriverthemes.com/drake/wp-content/themes/drake/assets/js/jqueryae48.js]
[wpriverthemes.com/drake/wp-content/themes/drake/assets/js/bootstrap.bundle.minae48.js]
[wpriverthemes.com/drake/wp-content/themes/drake/assets/js/owl.carouselae48.js]
[wpriverthemes.com/drake/wp-content/themes/drake/assets/js/gsap.minae48.js]
[wpriverthemes.com/drake/wp-content/themes/drake/assets/js/ScrollTrigger.minae48.js]
[wpriverthemes.com/drake/wp-content/themes/drake/assets/js/ScrollToPlugin.minae48.js]
[wpriverthemes.com/drake/wp-content/themes/drake/assets/js/lightbox.minae48.js]
[wpriverthemes.com/drake/wp-content/themes/drake/assets/js/mainae48.js]
[wpriverthemes.com/drake/wp-content/themes/drake/assets/js/ajax-formae48.js]
[wpriverthemes.com/drake/wp-content/themes/drake/assets/js/colorae48.js]
[wpriverthemes.com/drake/wp-content/plugins/elementor/assets/js/webpack.runtime.minfb6f.js]
[wpriverthemes.com/drake/wp-content/plugins/elementor/assets/js/frontend-modules.minfb6f.js]
[wpriverthemes.com/drake/wp-content/plugins/elementor/assets/lib/waypoints/waypoints.min05da.js]
[wpriverthemes.com/drake/wp-includes/js/jquery/ui/core.min3f14.js]
[wpriverthemes.com/drake/-negative.svg]
[wpriverthemes.com/drake/wp-content/plugins/elementor/assets/js/frontend.minfb6f.js]
[wpriverthemes.com/drake/OPR/index.html]
[maxst.icons8.com/vue-static/landings/line-awesome/line-awesome/1.3.0/fonts/la-brands-400.svg]
[maxst.icons8.com/vue-static/landings/line-awesome/line-awesome/1.3.0/fonts/la-regular-400.svg]
[maxst.icons8.com/vue-static/landings/line-awesome/line-awesome/1.3.0/fonts/la-solid-900.svg]
[wpriverthemes.com/drake/wp-content/themes/drake/assets/css/owl.video.play.html]
[wpriverthemes.com/drake/wp-content/plugins/elementor/assets/lib/eicons/fonts/eiconsd6bb.svg]
[wpriverthemes.com/drake/index5051.html]
[wpriverthemes.com/drake/index5721.html]
[wpriverthemes.com/drake/indexc39e.html]
[wpriverthemes.com/drake/indexc140.html]
[wpriverthemes.com/drake/indexeb91.html]
[wpriverthemes.com/drake/t.html]
[wpriverthemes.com/drake/-negative.html]
[wpriverthemes.com/drake/OPR/index.html]
